<?xml version="1.0" encoding="UTF-8"?>
<testng-results skipped="0" failed="0" ignored="0" total="12" passed="12">
  <reporter-output>
  </reporter-output>
  <suite name="Surefire suite" duration-ms="209926" started-at="2022-08-13T14:52:44 EEST" finished-at="2022-08-13T14:56:14 EEST">
    <groups>
      <group name="cucumber">
        <method signature="AbstractTestNGCucumberTests.runScenario(io.cucumber.testng.PickleWrapper,io.cucumber.testng.FeatureWrapper)[pri:0, instance:org.example.testRunner.runners@37374a5e]" name="runScenario" class="io.cucumber.testng.AbstractTestNGCucumberTests"/>
      </group> <!-- cucumber -->
    </groups>
    <test name="Surefire test" duration-ms="209926" started-at="2022-08-13T14:52:44 EEST" finished-at="2022-08-13T14:56:14 EEST">
      <class name="org.example.testRunner.runners">
        <test-method status="PASS" signature="setUpClass(org.testng.ITestContext)[pri:0, instance:org.example.testRunner.runners@37374a5e]" name="setUpClass" is-config="true" duration-ms="906" started-at="2022-08-13T14:52:44 EEST" finished-at="2022-08-13T14:52:45 EEST">
          <params>
            <param index="0">
              <value>
                <![CDATA[org.testng.TestRunner@45e11627]]>
              </value>
            </param>
          </params>
          <reporter-output>
          </reporter-output>
        </test-method> <!-- setUpClass -->
        <test-method status="PASS" signature="runScenario(io.cucumber.testng.PickleWrapper,io.cucumber.testng.FeatureWrapper)[pri:0, instance:org.example.testRunner.runners@37374a5e]" name="runScenario" duration-ms="15231" started-at="2022-08-13T14:52:45 EEST" description="Runs Cucumber Scenarios" data-provider="scenarios" finished-at="2022-08-13T14:53:01 EEST">
          <params>
            <param index="0">
              <value>
                <![CDATA["user could register with valid data successfully"]]>
              </value>
            </param>
            <param index="1">
              <value>
                <![CDATA["F01_Register - users could register with new account"]]>
              </value>
            </param>
          </params>
          <reporter-output>
          </reporter-output>
        </test-method> <!-- runScenario -->
        <test-method status="PASS" signature="runScenario(io.cucumber.testng.PickleWrapper,io.cucumber.testng.FeatureWrapper)[pri:0, instance:org.example.testRunner.runners@37374a5e]" name="runScenario" duration-ms="14273" started-at="2022-08-13T14:53:01 EEST" description="Runs Cucumber Scenarios" data-provider="scenarios" finished-at="2022-08-13T14:53:15 EEST">
          <params>
            <param index="0">
              <value>
                <![CDATA["user could log in with valid email and password"]]>
              </value>
            </param>
            <param index="1">
              <value>
                <![CDATA["F02_Login - user could login with valid email and password"]]>
              </value>
            </param>
          </params>
          <reporter-output>
          </reporter-output>
        </test-method> <!-- runScenario -->
        <test-method status="PASS" signature="runScenario(io.cucumber.testng.PickleWrapper,io.cucumber.testng.FeatureWrapper)[pri:0, instance:org.example.testRunner.runners@37374a5e]" name="runScenario" duration-ms="15078" started-at="2022-08-13T14:53:15 EEST" description="Runs Cucumber Scenarios" data-provider="scenarios" finished-at="2022-08-13T14:53:30 EEST">
          <params>
            <param index="0">
              <value>
                <![CDATA["user could reset password successfully"]]>
              </value>
            </param>
            <param index="1">
              <value>
                <![CDATA["F03_ResetPassword - user could reset password successfully"]]>
              </value>
            </param>
          </params>
          <reporter-output>
          </reporter-output>
        </test-method> <!-- runScenario -->
        <test-method status="PASS" signature="runScenario(io.cucumber.testng.PickleWrapper,io.cucumber.testng.FeatureWrapper)[pri:0, instance:org.example.testRunner.runners@37374a5e]" name="runScenario" duration-ms="12928" started-at="2022-08-13T14:53:30 EEST" description="Runs Cucumber Scenarios" data-provider="scenarios" finished-at="2022-08-13T14:53:43 EEST">
          <params>
            <param index="0">
              <value>
                <![CDATA["user could search for any product"]]>
              </value>
            </param>
            <param index="1">
              <value>
                <![CDATA["F04_Search - user could search for product"]]>
              </value>
            </param>
          </params>
          <reporter-output>
          </reporter-output>
        </test-method> <!-- runScenario -->
        <test-method status="PASS" signature="runScenario(io.cucumber.testng.PickleWrapper,io.cucumber.testng.FeatureWrapper)[pri:0, instance:org.example.testRunner.runners@37374a5e]" name="runScenario" duration-ms="13469" started-at="2022-08-13T14:53:43 EEST" description="Runs Cucumber Scenarios" data-provider="scenarios" finished-at="2022-08-13T14:53:56 EEST">
          <params>
            <param index="0">
              <value>
                <![CDATA["logged user could switch between currencies US-Euro"]]>
              </value>
            </param>
            <param index="1">
              <value>
                <![CDATA["F05_SwitchCurr - user could switch between currencies US-Euro"]]>
              </value>
            </param>
          </params>
          <reporter-output>
          </reporter-output>
        </test-method> <!-- runScenario -->
        <test-method status="PASS" signature="runScenario(io.cucumber.testng.PickleWrapper,io.cucumber.testng.FeatureWrapper)[pri:0, instance:org.example.testRunner.runners@37374a5e]" name="runScenario" duration-ms="23703" started-at="2022-08-13T14:53:56 EEST" description="Runs Cucumber Scenarios" data-provider="scenarios" finished-at="2022-08-13T14:54:20 EEST">
          <params>
            <param index="0">
              <value>
                <![CDATA["user could select different categories"]]>
              </value>
            </param>
            <param index="1">
              <value>
                <![CDATA["F06_Categories - user could select different categories"]]>
              </value>
            </param>
          </params>
          <reporter-output>
          </reporter-output>
        </test-method> <!-- runScenario -->
        <test-method status="PASS" signature="runScenario(io.cucumber.testng.PickleWrapper,io.cucumber.testng.FeatureWrapper)[pri:0, instance:org.example.testRunner.runners@37374a5e]" name="runScenario" duration-ms="13265" started-at="2022-08-13T14:54:20 EEST" description="Runs Cucumber Scenarios" data-provider="scenarios" finished-at="2022-08-13T14:54:33 EEST">
          <params>
            <param index="0">
              <value>
                <![CDATA["user could filter with color"]]>
              </value>
            </param>
            <param index="1">
              <value>
                <![CDATA["F07_ColorFilter - user could filter with color"]]>
              </value>
            </param>
          </params>
          <reporter-output>
          </reporter-output>
        </test-method> <!-- runScenario -->
        <test-method status="PASS" signature="runScenario(io.cucumber.testng.PickleWrapper,io.cucumber.testng.FeatureWrapper)[pri:0, instance:org.example.testRunner.runners@37374a5e]" name="runScenario" duration-ms="14032" started-at="2022-08-13T14:54:33 EEST" description="Runs Cucumber Scenarios" data-provider="scenarios" finished-at="2022-08-13T14:54:47 EEST">
          <params>
            <param index="0">
              <value>
                <![CDATA[""]]>
              </value>
            </param>
            <param index="1">
              <value>
                <![CDATA["F08_Select Tags | user selects different tags"]]>
              </value>
            </param>
          </params>
          <reporter-output>
          </reporter-output>
        </test-method> <!-- runScenario -->
        <test-method status="PASS" signature="runScenario(io.cucumber.testng.PickleWrapper,io.cucumber.testng.FeatureWrapper)[pri:0, instance:org.example.testRunner.runners@37374a5e]" name="runScenario" duration-ms="16703" started-at="2022-08-13T14:54:47 EEST" description="Runs Cucumber Scenarios" data-provider="scenarios" finished-at="2022-08-13T14:55:04 EEST">
          <params>
            <param index="0">
              <value>
                <![CDATA["user could add different products to shopping cart"]]>
              </value>
            </param>
            <param index="1">
              <value>
                <![CDATA["F09_ShoppingCart - user could add different products to shopping cart"]]>
              </value>
            </param>
          </params>
          <reporter-output>
          </reporter-output>
        </test-method> <!-- runScenario -->
        <test-method status="PASS" signature="runScenario(io.cucumber.testng.PickleWrapper,io.cucumber.testng.FeatureWrapper)[pri:0, instance:org.example.testRunner.runners@37374a5e]" name="runScenario" duration-ms="21112" started-at="2022-08-13T14:55:04 EEST" description="Runs Cucumber Scenarios" data-provider="scenarios" finished-at="2022-08-13T14:55:25 EEST">
          <params>
            <param index="0">
              <value>
                <![CDATA["user could add different products to Wishlist"]]>
              </value>
            </param>
            <param index="1">
              <value>
                <![CDATA["F10_Wishlist - user could add different products to Wishlist"]]>
              </value>
            </param>
          </params>
          <reporter-output>
          </reporter-output>
        </test-method> <!-- runScenario -->
        <test-method status="PASS" signature="runScenario(io.cucumber.testng.PickleWrapper,io.cucumber.testng.FeatureWrapper)[pri:0, instance:org.example.testRunner.runners@37374a5e]" name="runScenario" duration-ms="25169" started-at="2022-08-13T14:55:25 EEST" description="Runs Cucumber Scenarios" data-provider="scenarios" finished-at="2022-08-13T14:55:50 EEST">
          <params>
            <param index="0">
              <value>
                <![CDATA["user could add different products to Comparelist"]]>
              </value>
            </param>
            <param index="1">
              <value>
                <![CDATA["F11_CompareList - user could add different products to CompareList"]]>
              </value>
            </param>
          </params>
          <reporter-output>
          </reporter-output>
        </test-method> <!-- runScenario -->
        <test-method status="PASS" signature="runScenario(io.cucumber.testng.PickleWrapper,io.cucumber.testng.FeatureWrapper)[pri:0, instance:org.example.testRunner.runners@37374a5e]" name="runScenario" duration-ms="23772" started-at="2022-08-13T14:55:50 EEST" description="Runs Cucumber Scenarios" data-provider="scenarios" finished-at="2022-08-13T14:56:14 EEST">
          <params>
            <param index="0">
              <value>
                <![CDATA["user could create successful order"]]>
              </value>
            </param>
            <param index="1">
              <value>
                <![CDATA["F12_SuccessfulOrder - user could create successful order"]]>
              </value>
            </param>
          </params>
          <reporter-output>
          </reporter-output>
        </test-method> <!-- runScenario -->
        <test-method status="PASS" signature="tearDownClass()[pri:0, instance:org.example.testRunner.runners@37374a5e]" name="tearDownClass" is-config="true" duration-ms="238" started-at="2022-08-13T14:56:14 EEST" finished-at="2022-08-13T14:56:14 EEST">
          <reporter-output>
          </reporter-output>
        </test-method> <!-- tearDownClass -->
      </class> <!-- org.example.testRunner.runners -->
    </test> <!-- Surefire test -->
  </suite> <!-- Surefire suite -->
</testng-results>
