<?xml version="1.0" encoding="UTF-8"?>
<testsuite xmlns:xsi="http://www.w3.org/2001/XMLSchema-instance" xsi:noNamespaceSchemaLocation="https://maven.apache.org/surefire/maven-surefire-plugin/xsd/surefire-test-report-3.0.xsd" version="3.0" name="org.example.testRunner.runners" time="210.848" tests="12" errors="0" skipped="0" failures="0">
  <properties>
[...]
</properties>
  <testcase name="runScenario[&quot;user could register with valid data successfully&quot;, &quot;F01_Register - users could register with new account&quot;](1)" classname="org.example.testRunner.runners" time="15.247">
    <system-err><![CDATA[SLF4J: Failed to load class "org.slf4j.impl.StaticLoggerBinder".
SLF4J: Defaulting to no-operation (NOP) logger implementation
SLF4J: See http://www.slf4j.org/codes.html#StaticLoggerBinder for further details.
Starting ChromeDriver 104.0.5112.79 (3cf3e8c8a07d104b9e1260c910efb8f383285dc5-refs/branch-heads/5112@{#1307}) on port 49565
Only local connections are allowed.
Please see https://chromedriver.chromium.org/security-considerations for suggestions on keeping ChromeDriver safe.
ChromeDriver was started successfully.
Aug 13, 2022 2:52:51 PM org.openqa.selenium.remote.ProtocolHandshake createSession
INFO: Detected upstream dialect: W3C
Aug 13, 2022 2:52:51 PM org.openqa.selenium.devtools.CdpVersionFinder findNearestMatch
WARNING: Unable to find an exact match for CDP version 104, so returning the closest version found: 103
Aug 13, 2022 2:52:51 PM org.openqa.selenium.devtools.CdpVersionFinder findNearestMatch
INFO: Found CDP implementation for version 104 of 103
]]></system-err>
  </testcase>
  <testcase name="runScenario[&quot;user could log in with valid email and password&quot;, &quot;F02_Login - user could login with valid email and password&quot;](2)" classname="org.example.testRunner.runners" time="14.257">
    <system-err><![CDATA[Starting ChromeDriver 104.0.5112.79 (3cf3e8c8a07d104b9e1260c910efb8f383285dc5-refs/branch-heads/5112@{#1307}) on port 57720
Only local connections are allowed.
Please see https://chromedriver.chromium.org/security-considerations for suggestions on keeping ChromeDriver safe.
ChromeDriver was started successfully.
Aug 13, 2022 2:53:04 PM org.openqa.selenium.remote.ProtocolHandshake createSession
INFO: Detected upstream dialect: W3C
Aug 13, 2022 2:53:04 PM org.openqa.selenium.devtools.CdpVersionFinder findNearestMatch
WARNING: Unable to find an exact match for CDP version 104, so returning the closest version found: 103
Aug 13, 2022 2:53:04 PM org.openqa.selenium.devtools.CdpVersionFinder findNearestMatch
INFO: Found CDP implementation for version 104 of 103
]]></system-err>
  </testcase>
  <testcase name="runScenario[&quot;user could reset password successfully&quot;, &quot;F03_ResetPassword - user could reset password successfully&quot;](3)" classname="org.example.testRunner.runners" time="15.078">
    <system-err><![CDATA[Starting ChromeDriver 104.0.5112.79 (3cf3e8c8a07d104b9e1260c910efb8f383285dc5-refs/branch-heads/5112@{#1307}) on port 63373
Only local connections are allowed.
Please see https://chromedriver.chromium.org/security-considerations for suggestions on keeping ChromeDriver safe.
ChromeDriver was started successfully.
Aug 13, 2022 2:53:17 PM org.openqa.selenium.remote.ProtocolHandshake createSession
INFO: Detected upstream dialect: W3C
Aug 13, 2022 2:53:17 PM org.openqa.selenium.devtools.CdpVersionFinder findNearestMatch
WARNING: Unable to find an exact match for CDP version 104, so returning the closest version found: 103
Aug 13, 2022 2:53:17 PM org.openqa.selenium.devtools.CdpVersionFinder findNearestMatch
INFO: Found CDP implementation for version 104 of 103
]]></system-err>
  </testcase>
  <testcase name="runScenario[&quot;user could search for any product&quot;, &quot;F04_Search - user could search for product&quot;](4)" classname="org.example.testRunner.runners" time="12.928">
    <system-out><![CDATA[3
]]></system-out>
    <system-err><![CDATA[Starting ChromeDriver 104.0.5112.79 (3cf3e8c8a07d104b9e1260c910efb8f383285dc5-refs/branch-heads/5112@{#1307}) on port 63443
Only local connections are allowed.
Please see https://chromedriver.chromium.org/security-considerations for suggestions on keeping ChromeDriver safe.
ChromeDriver was started successfully.
Aug 13, 2022 2:53:31 PM org.openqa.selenium.remote.ProtocolHandshake createSession
INFO: Detected upstream dialect: W3C
Aug 13, 2022 2:53:31 PM org.openqa.selenium.devtools.CdpVersionFinder findNearestMatch
WARNING: Unable to find an exact match for CDP version 104, so returning the closest version found: 103
Aug 13, 2022 2:53:31 PM org.openqa.selenium.devtools.CdpVersionFinder findNearestMatch
INFO: Found CDP implementation for version 104 of 103
]]></system-err>
  </testcase>
  <testcase name="runScenario[&quot;logged user could switch between currencies US-Euro&quot;, &quot;F05_SwitchCurr - user could switch between currencies US-Euro&quot;](5)" classname="org.example.testRunner.runners" time="13.469">
    <system-err><![CDATA[Starting ChromeDriver 104.0.5112.79 (3cf3e8c8a07d104b9e1260c910efb8f383285dc5-refs/branch-heads/5112@{#1307}) on port 61232
Only local connections are allowed.
Please see https://chromedriver.chromium.org/security-considerations for suggestions on keeping ChromeDriver safe.
ChromeDriver was started successfully.
Aug 13, 2022 2:53:44 PM org.openqa.selenium.remote.ProtocolHandshake createSession
INFO: Detected upstream dialect: W3C
Aug 13, 2022 2:53:44 PM org.openqa.selenium.devtools.CdpVersionFinder findNearestMatch
WARNING: Unable to find an exact match for CDP version 104, so returning the closest version found: 103
Aug 13, 2022 2:53:44 PM org.openqa.selenium.devtools.CdpVersionFinder findNearestMatch
INFO: Found CDP implementation for version 104 of 103
]]></system-err>
  </testcase>
  <testcase name="runScenario[&quot;user could select different categories&quot;, &quot;F06_Categories - user could select different categories&quot;](6)" classname="org.example.testRunner.runners" time="23.703">
    <system-out><![CDATA[
@smoke
Scenario: user could register with valid data successfully &amp#27;[90m# src/main/resources/features/F01_Register.feature:4&amp#27;[0m
  &amp#27;[32mWhen &amp#27;[0m&amp#27;[32muser opens homepage&amp#27;[0m                                 &amp#27;[90m# org.example.stepDefs.D01_registerStepDef.navigateToHomePage()&amp#27;[0m
  &amp#27;[32mAnd &amp#27;[0m&amp#27;[32muser clicks on register to open register page&amp#27;[0m        &amp#27;[90m# org.example.stepDefs.D01_registerStepDef.openRegisterlink()&amp#27;[0m
  &amp#27;[32mAnd &amp#27;[0m&amp#27;[32muser enters first name and last name&amp#27;[0m                 &amp#27;[90m# org.example.stepDefs.D01_registerStepDef.setFirstName_lastName()&amp#27;[0m
  &amp#27;[32mAnd &amp#27;[0m&amp#27;[32muser enters valid Email address&amp#27;[0m                      &amp#27;[90m# org.example.stepDefs.D01_registerStepDef.setEmailAddress()&amp#27;[0m
  &amp#27;[32mAnd &amp#27;[0m&amp#27;[32muser enters valid password and confirm it&amp#27;[0m            &amp#27;[90m# org.example.stepDefs.D01_registerStepDef.setPassword()&amp#27;[0m
  &amp#27;[32mAnd &amp#27;[0m&amp#27;[32muser clicks on register button&amp#27;[0m                       &amp#27;[90m# org.example.stepDefs.D01_registerStepDef.registerButton()&amp#27;[0m
  &amp#27;[32mThen &amp#27;[0m&amp#27;[32msuccess message is displayed&amp#27;[0m                        &amp#27;[90m# org.example.stepDefs.D01_registerStepDef.checkSuccessMessage()&amp#27;[0m

@smoke
Scenario: user could log in with valid email and password &amp#27;[90m# src/main/resources/features/F02_Login.feature:4&amp#27;[0m
  &amp#27;[32mGiven &amp#27;[0m&amp#27;[32muser navigates to login page&amp#27;[0m                      &amp#27;[90m# org.example.stepDefs.D02_LoginStepDef.navigateToLoginPage()&amp#27;[0m
  &amp#27;[32mAnd &amp#27;[0m&amp#27;[32muser clicks login link&amp#27;[0m                              &amp#27;[90m# org.example.stepDefs.D02_LoginStepDef.loginlink()&amp#27;[0m
  &amp#27;[32mAnd &amp#27;[0m&amp#27;[32muser enters correct email&amp#27;[0m                           &amp#27;[90m# org.example.stepDefs.D02_LoginStepDef.Email()&amp#27;[0m
  &amp#27;[32mAnd &amp#27;[0m&amp#27;[32muser enters correct password&amp#27;[0m                        &amp#27;[90m# org.example.stepDefs.D02_LoginStepDef.Password()&amp#27;[0m
  &amp#27;[32mAnd &amp#27;[0m&amp#27;[32muser clicks on login button&amp#27;[0m                         &amp#27;[90m# org.example.stepDefs.D02_LoginStepDef.loginButton()&amp#27;[0m
  &amp#27;[32mThen &amp#27;[0m&amp#27;[32muser login is done successfully&amp#27;[0m                    &amp#27;[90m# org.example.stepDefs.D02_LoginStepDef.checkSuccessMessage()&amp#27;[0m

@smoke
Scenario: user could reset password successfully &amp#27;[90m# src/main/resources/features/F03_ResetPassword.feature:13&amp#27;[0m
  &amp#27;[32mGiven &amp#27;[0m&amp#27;[32muser navigates to login page&amp#27;[0m             &amp#27;[90m# org.example.stepDefs.D02_LoginStepDef.navigateToLoginPage()&amp#27;[0m
  &amp#27;[32mAnd &amp#27;[0m&amp#27;[32muser clicks login link&amp#27;[0m                     &amp#27;[90m# org.example.stepDefs.D02_LoginStepDef.loginlink()&amp#27;[0m
  &amp#27;[32mAnd &amp#27;[0m&amp#27;[32muser enters correct email&amp#27;[0m                  &amp#27;[90m# org.example.stepDefs.D02_LoginStepDef.Email()&amp#27;[0m
  &amp#27;[32mAnd &amp#27;[0m&amp#27;[32muser enters correct password&amp#27;[0m               &amp#27;[90m# org.example.stepDefs.D02_LoginStepDef.Password()&amp#27;[0m
  &amp#27;[32mAnd &amp#27;[0m&amp#27;[32muser clicks on login button&amp#27;[0m                &amp#27;[90m# org.example.stepDefs.D02_LoginStepDef.loginButton()&amp#27;[0m
  &amp#27;[32mThen &amp#27;[0m&amp#27;[32muser login is done successfully&amp#27;[0m           &amp#27;[90m# org.example.stepDefs.D02_LoginStepDef.checkSuccessMessage()&amp#27;[0m
  &amp#27;[32mGiven &amp#27;[0m&amp#27;[32muser navigates to login page&amp#27;[0m             &amp#27;[90m# org.example.stepDefs.D02_LoginStepDef.navigateToLoginPage()&amp#27;[0m
  &amp#27;[32mAnd &amp#27;[0m&amp#27;[32muser clicks on forget password link&amp#27;[0m        &amp#27;[90m# org.example.stepDefs.D03_ResetPasswordStepDef.forgetlink()&amp#27;[0m
  &amp#27;[32mAnd &amp#27;[0m&amp#27;[32muser enters his Email&amp#27;[0m                      &amp#27;[90m# org.example.stepDefs.D03_ResetPasswordStepDef.Email()&amp#27;[0m
  &amp#27;[32mAnd &amp#27;[0m&amp#27;[32muser clicks on Recover button&amp#27;[0m              &amp#27;[90m# org.example.stepDefs.D03_ResetPasswordStepDef.recoverButton()&amp#27;[0m
  &amp#27;[32mThen &amp#27;[0m&amp#27;[32mReset message is displayed&amp#27;[0m                &amp#27;[90m# org.example.stepDefs.D03_ResetPasswordStepDef.checkResetMessage()&amp#27;[0m

@smoke
Scenario: user could search for any product    &amp#27;[90m# src/main/resources/features/F04_Search.feature:14&amp#27;[0m
  &amp#27;[32mGiven &amp#27;[0m&amp#27;[32muser navigates to login page&amp#27;[0m           &amp#27;[90m# org.example.stepDefs.D02_LoginStepDef.navigateToLoginPage()&amp#27;[0m
  &amp#27;[32mAnd &amp#27;[0m&amp#27;[32muser clicks login link&amp#27;[0m                   &amp#27;[90m# org.example.stepDefs.D02_LoginStepDef.loginlink()&amp#27;[0m
  &amp#27;[32mAnd &amp#27;[0m&amp#27;[32muser enters correct email&amp#27;[0m                &amp#27;[90m# org.example.stepDefs.D02_LoginStepDef.Email()&amp#27;[0m
  &amp#27;[32mAnd &amp#27;[0m&amp#27;[32muser enters correct password&amp#27;[0m             &amp#27;[90m# org.example.stepDefs.D02_LoginStepDef.Password()&amp#27;[0m
  &amp#27;[32mAnd &amp#27;[0m&amp#27;[32muser clicks on login button&amp#27;[0m              &amp#27;[90m# org.example.stepDefs.D02_LoginStepDef.loginButton()&amp#27;[0m
  &amp#27;[32mThen &amp#27;[0m&amp#27;[32muser login is done successfully&amp#27;[0m         &amp#27;[90m# org.example.stepDefs.D02_LoginStepDef.checkSuccessMessage()&amp#27;[0m
  &amp#27;[32mWhen &amp#27;[0m&amp#27;[32muser opens homepage&amp#27;[0m                     &amp#27;[90m# org.example.stepDefs.D01_registerStepDef.navigateToHomePage()&amp#27;[0m
  &amp#27;[32mAnd &amp#27;[0m&amp#27;[32muser searches with product name&amp#27;[0m          &amp#27;[90m# org.example.stepDefs.D04_SearchStepDef.search()&amp#27;[0m
  &amp#27;[32mThen &amp#27;[0m&amp#27;[32muser finds product results successfully&amp#27;[0m &amp#27;[90m# org.example.stepDefs.D04_SearchStepDef.checkProductResult()&amp#27;[0m

@smoke
Scenario: logged user could switch between currencies US-Euro &amp#27;[90m# src/main/resources/features/F05_SwitchCurr.feature:14&amp#27;[0m
  &amp#27;[32mGiven &amp#27;[0m&amp#27;[32muser navigates to login page&amp#27;[0m                          &amp#27;[90m# org.example.stepDefs.D02_LoginStepDef.navigateToLoginPage()&amp#27;[0m
  &amp#27;[32mAnd &amp#27;[0m&amp#27;[32muser clicks login link&amp#27;[0m                                  &amp#27;[90m# org.example.stepDefs.D02_LoginStepDef.loginlink()&amp#27;[0m
  &amp#27;[32mAnd &amp#27;[0m&amp#27;[32muser enters correct email&amp#27;[0m                               &amp#27;[90m# org.example.stepDefs.D02_LoginStepDef.Email()&amp#27;[0m
  &amp#27;[32mAnd &amp#27;[0m&amp#27;[32muser enters correct password&amp#27;[0m                            &amp#27;[90m# org.example.stepDefs.D02_LoginStepDef.Password()&amp#27;[0m
  &amp#27;[32mAnd &amp#27;[0m&amp#27;[32muser clicks on login button&amp#27;[0m                             &amp#27;[90m# org.example.stepDefs.D02_LoginStepDef.loginButton()&amp#27;[0m
  &amp#27;[32mThen &amp#27;[0m&amp#27;[32muser login is done successfully&amp#27;[0m                        &amp#27;[90m# org.example.stepDefs.D02_LoginStepDef.checkSuccessMessage()&amp#27;[0m
  &amp#27;[32mGiven &amp#27;[0m&amp#27;[32muser opens homepage&amp#27;[0m                                   &amp#27;[90m# org.example.stepDefs.D01_registerStepDef.navigateToHomePage()&amp#27;[0m
  &amp#27;[32mAnd &amp#27;[0m&amp#27;[32muser selects Euro from menu&amp#27;[0m                             &amp#27;[90m# org.example.stepDefs.D05_SwitchCurrStepDef.choose_Euro()&amp#27;[0m
  &amp#27;[32mThen &amp#27;[0m&amp#27;[32muser selects Euro successfully&amp#27;[0m                         &amp#27;[90m# org.example.stepDefs.D05_SwitchCurrStepDef.success_Euro()&amp#27;[0m
  &amp#27;[32mAnd &amp#27;[0m&amp#27;[32muser selects US Dollar from menu&amp#27;[0m                        &amp#27;[90m# org.example.stepDefs.D05_SwitchCurrStepDef.selectUS()&amp#27;[0m
  &amp#27;[32mThen &amp#27;[0m&amp#27;[32muser selects US Dollar successfully&amp#27;[0m                    &amp#27;[90m# org.example.stepDefs.D05_SwitchCurrStepDef.success_US()&amp#27;[0m

@smoke
Scenario: user could select different categories                         &amp#27;[90m# src/main/resources/features/F06_Categories.feature:14&amp#27;[0m
  &amp#27;[32mGiven &amp#27;[0m&amp#27;[32muser navigates to login page&amp#27;[0m                                     &amp#27;[90m# org.example.stepDefs.D02_LoginStepDef.navigateToLoginPage()&amp#27;[0m
  &amp#27;[32mAnd &amp#27;[0m&amp#27;[32muser clicks login link&amp#27;[0m                                             &amp#27;[90m# org.example.stepDefs.D02_LoginStepDef.loginlink()&amp#27;[0m
  &amp#27;[32mAnd &amp#27;[0m&amp#27;[32muser enters correct email&amp#27;[0m                                          &amp#27;[90m# org.example.stepDefs.D02_LoginStepDef.Email()&amp#27;[0m
  &amp#27;[32mAnd &amp#27;[0m&amp#27;[32muser enters correct password&amp#27;[0m                                       &amp#27;[90m# org.example.stepDefs.D02_LoginStepDef.Password()&amp#27;[0m
  &amp#27;[32mAnd &amp#27;[0m&amp#27;[32muser clicks on login button&amp#27;[0m                                        &amp#27;[90m# org.example.stepDefs.D02_LoginStepDef.loginButton()&amp#27;[0m
  &amp#27;[32mThen &amp#27;[0m&amp#27;[32muser login is done successfully&amp#27;[0m                                   &amp#27;[90m# org.example.stepDefs.D02_LoginStepDef.checkSuccessMessage()&amp#27;[0m
  &amp#27;[32mGiven &amp#27;[0m&amp#27;[32muser opens homepage&amp#27;[0m                                              &amp#27;[90m# org.example.stepDefs.D01_registerStepDef.navigateToHomePage()&amp#27;[0m
  &amp#27;[32mWhen &amp#27;[0m&amp#27;[32muser selects Digital Downloads category&amp#27;[0m                           &amp#27;[90m# org.example.stepDefs.D06_CategoriesStepDef.selectDigitalDownloadsCategory()&amp#27;[0m
  &amp#27;[32mAnd &amp#27;[0m&amp#27;]]></system-out>
    <system-err><![CDATA[Starting ChromeDriver 104.0.5112.79 (3cf3e8c8a07d104b9e1260c910efb8f383285dc5-refs/branch-heads/5112@{#1307}) on port 57877
Only local connections are allowed.
Please see https://chromedriver.chromium.org/security-considerations for suggestions on keeping ChromeDriver safe.
ChromeDriver was started successfully.
Aug 13, 2022 2:53:58 PM org.openqa.selenium.remote.ProtocolHandshake createSession
INFO: Detected upstream dialect: W3C
Aug 13, 2022 2:53:58 PM org.openqa.selenium.devtools.CdpVersionFinder findNearestMatch
WARNING: Unable to find an exact match for CDP version 104, so returning the closest version found: 103
Aug 13, 2022 2:53:58 PM org.openqa.selenium.devtools.CdpVersionFinder findNearestMatch
INFO: Found CDP implementation for version 104 of 103
]]></system-err>
  </testcase>
  <testcase name="runScenario[&quot;user could filter with color&quot;, &quot;F07_ColorFilter - user could filter with color&quot;](7)" classname="org.example.testRunner.runners" time="13.265">
    <system-err><![CDATA[Starting ChromeDriver 104.0.5112.79 (3cf3e8c8a07d104b9e1260c910efb8f383285dc5-refs/branch-heads/5112@{#1307}) on port 62036
Only local connections are allowed.
Please see https://chromedriver.chromium.org/security-considerations for suggestions on keeping ChromeDriver safe.
ChromeDriver was started successfully.
Aug 13, 2022 2:54:22 PM org.openqa.selenium.remote.ProtocolHandshake createSession
INFO: Detected upstream dialect: W3C
Aug 13, 2022 2:54:22 PM org.openqa.selenium.devtools.CdpVersionFinder findNearestMatch
WARNING: Unable to find an exact match for CDP version 104, so returning the closest version found: 103
Aug 13, 2022 2:54:22 PM org.openqa.selenium.devtools.CdpVersionFinder findNearestMatch
INFO: Found CDP implementation for version 104 of 103
]]></system-err>
  </testcase>
  <testcase name="runScenario[&quot;&quot;, &quot;F08_Select Tags | user selects different tags&quot;](8)" classname="org.example.testRunner.runners" time="14.032">
    <system-err><![CDATA[Starting ChromeDriver 104.0.5112.79 (3cf3e8c8a07d104b9e1260c910efb8f383285dc5-refs/branch-heads/5112@{#1307}) on port 59282
Only local connections are allowed.
Please see https://chromedriver.chromium.org/security-considerations for suggestions on keeping ChromeDriver safe.
ChromeDriver was started successfully.
Aug 13, 2022 2:54:35 PM org.openqa.selenium.remote.ProtocolHandshake createSession
INFO: Detected upstream dialect: W3C
Aug 13, 2022 2:54:35 PM org.openqa.selenium.devtools.CdpVersionFinder findNearestMatch
WARNING: Unable to find an exact match for CDP version 104, so returning the closest version found: 103
Aug 13, 2022 2:54:35 PM org.openqa.selenium.devtools.CdpVersionFinder findNearestMatch
INFO: Found CDP implementation for version 104 of 103
]]></system-err>
  </testcase>
  <testcase name="runScenario[&quot;user could add different products to shopping cart&quot;, &quot;F09_ShoppingCart - user could add different products to shopping cart&quot;](9)" classname="org.example.testRunner.runners" time="16.703">
    <system-err><![CDATA[Starting ChromeDriver 104.0.5112.79 (3cf3e8c8a07d104b9e1260c910efb8f383285dc5-refs/branch-heads/5112@{#1307}) on port 56725
Only local connections are allowed.
Please see https://chromedriver.chromium.org/security-considerations for suggestions on keeping ChromeDriver safe.
ChromeDriver was started successfully.
Aug 13, 2022 2:54:49 PM org.openqa.selenium.remote.ProtocolHandshake createSession
INFO: Detected upstream dialect: W3C
Aug 13, 2022 2:54:49 PM org.openqa.selenium.devtools.CdpVersionFinder findNearestMatch
WARNING: Unable to find an exact match for CDP version 104, so returning the closest version found: 103
Aug 13, 2022 2:54:49 PM org.openqa.selenium.devtools.CdpVersionFinder findNearestMatch
INFO: Found CDP implementation for version 104 of 103
]]></system-err>
  </testcase>
  <testcase name="runScenario[&quot;user could add different products to Wishlist&quot;, &quot;F10_Wishlist - user could add different products to Wishlist&quot;](10)" classname="org.example.testRunner.runners" time="21.112">
    <system-err><![CDATA[Starting ChromeDriver 104.0.5112.79 (3cf3e8c8a07d104b9e1260c910efb8f383285dc5-refs/branch-heads/5112@{#1307}) on port 55752
Only local connections are allowed.
Please see https://chromedriver.chromium.org/security-considerations for suggestions on keeping ChromeDriver safe.
ChromeDriver was started successfully.
Aug 13, 2022 2:55:06 PM org.openqa.selenium.remote.ProtocolHandshake createSession
INFO: Detected upstream dialect: W3C
Aug 13, 2022 2:55:06 PM org.openqa.selenium.devtools.CdpVersionFinder findNearestMatch
WARNING: Unable to find an exact match for CDP version 104, so returning the closest version found: 103
Aug 13, 2022 2:55:06 PM org.openqa.selenium.devtools.CdpVersionFinder findNearestMatch
INFO: Found CDP implementation for version 104 of 103
]]></system-err>
  </testcase>
  <testcase name="runScenario[&quot;user could add different products to Comparelist&quot;, &quot;F11_CompareList - user could add different products to CompareList&quot;](11)" classname="org.example.testRunner.runners" time="25.169">
    <system-out><![CDATA[[32muser selects Electronics category then hover to Others subcategory&amp#27;[0m &amp#27;[90m# org.example.stepDefs.D06_CategoriesStepDef.selectElectronicsOthersSubCategory()&amp#27;[0m
  &amp#27;[32mAnd &amp#27;[0m&amp#27;[32muser selects Books category&amp#27;[0m                                        &amp#27;[90m# org.example.stepDefs.D06_CategoriesStepDef.selectBooksCategory()&amp#27;[0m

@smoke
Scenario: user could filter with color                               &amp#27;[90m# src/main/resources/features/F07_ColorFilter.feature:14&amp#27;[0m
  &amp#27;[32mGiven &amp#27;[0m&amp#27;[32muser navigates to login page&amp#27;[0m                                 &amp#27;[90m# org.example.stepDefs.D02_LoginStepDef.navigateToLoginPage()&amp#27;[0m
  &amp#27;[32mAnd &amp#27;[0m&amp#27;[32muser clicks login link&amp#27;[0m                                         &amp#27;[90m# org.example.stepDefs.D02_LoginStepDef.loginlink()&amp#27;[0m
  &amp#27;[32mAnd &amp#27;[0m&amp#27;[32muser enters correct email&amp#27;[0m                                      &amp#27;[90m# org.example.stepDefs.D02_LoginStepDef.Email()&amp#27;[0m
  &amp#27;[32mAnd &amp#27;[0m&amp#27;[32muser enters correct password&amp#27;[0m                                   &amp#27;[90m# org.example.stepDefs.D02_LoginStepDef.Password()&amp#27;[0m
  &amp#27;[32mAnd &amp#27;[0m&amp#27;[32muser clicks on login button&amp#27;[0m                                    &amp#27;[90m# org.example.stepDefs.D02_LoginStepDef.loginButton()&amp#27;[0m
  &amp#27;[32mThen &amp#27;[0m&amp#27;[32muser login is done successfully&amp#27;[0m                               &amp#27;[90m# org.example.stepDefs.D02_LoginStepDef.checkSuccessMessage()&amp#27;[0m
  &amp#27;[32mGiven &amp#27;[0m&amp#27;[32muser opens homepage&amp#27;[0m                                          &amp#27;[90m# org.example.stepDefs.D01_registerStepDef.navigateToHomePage()&amp#27;[0m
  &amp#27;[32mWhen &amp#27;[0m&amp#27;[32muser selects Apparel category then hover to Shoes subcategory&amp#27;[0m &amp#27;[90m# org.example.stepDefs.D07_ColorFilterStepDef.selectApparelCategory()&amp#27;[0m
  &amp#27;[32mAnd &amp#27;[0m&amp#27;[32muser selects Shoes subcategory&amp#27;[0m                                 &amp#27;[90m# org.example.stepDefs.D07_ColorFilterStepDef.selectShoesSubcategory()&amp#27;[0m
  &amp#27;[32mThen &amp#27;[0m&amp#27;[32muser filter by Red color&amp#27;[0m                                      &amp#27;[90m# org.example.stepDefs.D07_ColorFilterStepDef.filterColorCheckbox()&amp#27;[0m

@smoke
Scenario:                                 &amp#27;[90m# src/main/resources/features/F08_SelectTags.feature:15&amp#27;[0m
  &amp#27;[32mGiven &amp#27;[0m&amp#27;[32muser navigates to login page&amp#27;[0m      &amp#27;[90m# org.example.stepDefs.D02_LoginStepDef.navigateToLoginPage()&amp#27;[0m
  &amp#27;[32mAnd &amp#27;[0m&amp#27;[32muser clicks login link&amp#27;[0m              &amp#27;[90m# org.example.stepDefs.D02_LoginStepDef.loginlink()&amp#27;[0m
  &amp#27;[32mAnd &amp#27;[0m&amp#27;[32muser enters correct email&amp#27;[0m           &amp#27;[90m# org.example.stepDefs.D02_LoginStepDef.Email()&amp#27;[0m
  &amp#27;[32mAnd &amp#27;[0m&amp#27;[32muser enters correct password&amp#27;[0m        &amp#27;[90m# org.example.stepDefs.D02_LoginStepDef.Password()&amp#27;[0m
  &amp#27;[32mAnd &amp#27;[0m&amp#27;[32muser clicks on login button&amp#27;[0m         &amp#27;[90m# org.example.stepDefs.D02_LoginStepDef.loginButton()&amp#27;[0m
  &amp#27;[32mThen &amp#27;[0m&amp#27;[32muser login is done successfully&amp#27;[0m    &amp#27;[90m# org.example.stepDefs.D02_LoginStepDef.checkSuccessMessage()&amp#27;[0m
  &amp#27;[32mGiven &amp#27;[0m&amp#27;[32muser selects electronics category&amp#27;[0m &amp#27;[90m# org.example.stepDefs.D08_SelectTagsStepDef.selectCategory()&amp#27;[0m
  &amp#27;[32mAnd &amp#27;[0m&amp#27;[32muser clicks camera tag&amp#27;[0m              &amp#27;[90m# org.example.stepDefs.D08_SelectTagsStepDef.selectCameraTag()&amp#27;[0m
  &amp#27;[32mAnd &amp#27;[0m&amp#27;[32muser clicks cell tag&amp#27;[0m                &amp#27;[90m# org.example.stepDefs.D08_SelectTagsStepDef.selectCellTag()&amp#27;[0m

@smoke
Scenario: user could add different products to shopping cart &amp#27;[90m# src/main/resources/features/F09_ShoppingCart.feature:13&amp#27;[0m
  &amp#27;[32mGiven &amp#27;[0m&amp#27;[32muser navigates to login page&amp#27;[0m                         &amp#27;[90m# org.example.stepDefs.D02_LoginStepDef.navigateToLoginPage()&amp#27;[0m
  &amp#27;[32mAnd &amp#27;[0m&amp#27;[32muser clicks login link&amp#27;[0m                                 &amp#27;[90m# org.example.stepDefs.D02_LoginStepDef.loginlink()&amp#27;[0m
  &amp#27;[32mAnd &amp#27;[0m&amp#27;[32muser enters correct email&amp#27;[0m                              &amp#27;[90m# org.example.stepDefs.D02_LoginStepDef.Email()&amp#27;[0m
  &amp#27;[32mAnd &amp#27;[0m&amp#27;[32muser enters correct password&amp#27;[0m                           &amp#27;[90m# org.example.stepDefs.D02_LoginStepDef.Password()&amp#27;[0m
  &amp#27;[32mAnd &amp#27;[0m&amp#27;[32muser clicks on login button&amp#27;[0m                            &amp#27;[90m# org.example.stepDefs.D02_LoginStepDef.loginButton()&amp#27;[0m
  &amp#27;[32mThen &amp#27;[0m&amp#27;[32muser login is done successfully&amp#27;[0m                       &amp#27;[90m# org.example.stepDefs.D02_LoginStepDef.checkSuccessMessage()&amp#27;[0m
  &amp#27;[32mGiven &amp#27;[0m&amp#27;[32muser opens homepage&amp#27;[0m                                  &amp#27;[90m# org.example.stepDefs.D01_registerStepDef.navigateToHomePage()&amp#27;[0m
  &amp#27;[32mWhen &amp#27;[0m&amp#27;[32muser selects HTC mobile&amp#27;[0m                               &amp#27;[90m# org.example.stepDefs.D09_ShoppingCartStepDef.selectHTCMobile()&amp#27;[0m
  &amp#27;[32mAnd &amp#27;[0m&amp#27;[32muser clicks on add to cart button for mobile&amp#27;[0m           &amp#27;[90m# org.example.stepDefs.D09_ShoppingCartStepDef.AddToCartButton1()&amp#27;[0m
  &amp#27;[32mThen &amp#27;[0m&amp#27;[32mproduct is added successfully&amp#27;[0m                         &amp#27;[90m# org.example.stepDefs.D09_ShoppingCartStepDef.checkProductAddedSuccessMsg()&amp#27;[0m
  &amp#27;[32mWhen &amp#27;[0m&amp#27;[32muser selects Portable Sound Speakers&amp#27;[0m                  &amp#27;[90m# org.example.stepDefs.D09_ShoppingCartStepDef.selectSpeakers()&amp#27;[0m
  &amp#27;[32mAnd &amp#27;[0m&amp#27;[32muser clicks on add to cart button for speakers&amp#27;[0m         &amp#27;[90m# org.example.stepDefs.D09_ShoppingCartStepDef.AddToCartButton2()&amp#27;[0m
  &amp#27;[32mThen &amp#27;[0m&amp#27;[32mproduct is added successfully&amp#27;[0m                         &amp#27;[90m# org.example.stepDefs.D09_ShoppingCartStepDef.checkProductAddedSuccessMsg()&amp#27;[0m

@smoke
Scenario: user could add different products to Wishlist &amp#27;[90m# src/main/resources/features/F10_Wishlist.feature:13&amp#27;[0m
  &amp#27;[32mGiven &amp#27;[0m&amp#27;[32muser navigates to login page&amp#27;[0m                    &amp#27;[90m# org.example.stepDefs.D02_LoginStepDef.navigateToLoginPage()&amp#27;[0m
  &amp#27;[32mAnd &amp#27;[0m&amp#27;[32muser clicks login link&amp#27;[0m                            &amp#27;[90m# org.example.stepDefs.D02_LoginStepDef.loginlink()&amp#27;[0m
  &amp#27;[32mAnd &amp#27;[0m&amp#27;[32muser enters correct email&amp#27;[0m                         &amp#27;[90m# org.example.stepDefs.D02_LoginStepDef.Email()&amp#27;[0m
  &amp#27;[32mAnd &amp#27;[0m&amp#27;[32muser enters correct password&amp#27;[0m                      &amp#27;[90m# org.example.stepDefs.D02_LoginStepDef.Password()&amp#27;[0m
  &amp#27;[32mAnd &amp#27;[0m&amp#27;[32muser clicks on login button&amp#27;[0m                       &amp#27;[90m# org.example.stepDefs.D02_LoginStepDef.loginButton()&amp#27;[0m
  &amp#27;[32mThen &amp#27;[0m&amp#27;[32muser login is done successfully&amp#27;[0m                  &amp#27;[90m# org.example.stepDefs.D02_LoginStepDef.checkSuccessMessage()&amp#27;[0m
  &amp#27;[32mGiven &amp#27;[0m&amp#27;[32muser opens homepage&amp#27;[0m                             &amp#27;[90m# org.example.stepDefs.D01_registerStepDef.navigateToHomePage()&amp#27;[0m
  &amp#27;[32mWhen &amp#27;[0m&amp#27;[32muser selects MacBook&amp#27;[0m                             &amp#27;[90m# org.example.stepDefs.D10_WishlistStepDef.selectMacBook()&amp#27;[0m
  &amp#27;[32mAnd &amp#27;[0m&amp#27;[32muser clicks on add to wishlist for MacBook&amp#27;[0m        &amp#27;[90m# org.example.stepDefs.D10_WishlistStepDef.AddToWishlist1()&amp#27;[0m
  &amp#27;[32mThen &amp#27;[0m&amp#27;[32mproduct is added successfully to Wishlist&amp#27;[0m        &amp#27;[90m# org.example.stepDefs.D10_WishlistStepDef.checkProductAddedWishSuccessMsg()&amp#27;[0m
  &amp#27;[32mAnd &amp#27;[0m&amp#27;[32muser selects Books category&amp#27;[0m                       &amp#27;[90m# org.example.stepDefs.D06_CategoriesStepDef.selectBooksCategory()&amp#27;[0m
  &amp#27;[32mWhen &amp#27;[0m&amp#27;[32muser selects pies book&amp#27;[0m                           &amp#27;[90m# org.example.stepDefs.D10_WishlistStepDef.selectPiesBook()&amp#27;[0m
  &amp#27;[32mAnd &amp#27;[0m&amp#27;[32muser clicks on add to wishlist for book&amp#27;[0m           &amp#27;[90m# org.example.stepDefs.D10_WishlistStepDef.AddToWishlist2()&amp#27;[0m
  &amp#27;[32mThen &amp#27;[0m&amp#27;[32mproduct is added successfully to Wishlist&amp#27;[0m        &amp#27;[90m# org.example.stepDefs.D10_WishlistStepDef.checkProductAddedWishSuccessMsg()&amp#27;[0m

@smoke
Scenario: user could add different products to Comparelist &amp#27;[90m# src/main/resources/features/F11_CompareList.feature:13&amp#27;[0m
  &amp#27;[32mGiven &amp#27;[0m&amp#27;[32muser navigates to login page&amp#27;[0m                       &amp#27;[90m# org.example.stepDefs.D02_LoginStepDef.navigateToLoginPage()&amp#27;[0m
  &amp#27;[32mAnd &amp#27;[0m&amp#27;[32muser clicks login link&amp#27;[0m                               &amp#27;[90m# org.example.stepDefs.D02_LoginStepDef.loginlink()&amp#27;[0m
  &amp#27;[32mAnd &amp#27;[0m&amp#27;[32muser enters correct email&amp#27;[0m                            &amp#27;[90m# org.example.stepDefs.D02_LoginStepDef.Email()&amp#27;[0m
  &amp#27;[32mAnd &amp#27;[0m&amp#27;[32muser enters correct password&amp#27;[0m                         &amp#27;[90m# org.example.stepDefs.D02_LoginStepDe]]></system-out>
    <system-err><![CDATA[Starting ChromeDriver 104.0.5112.79 (3cf3e8c8a07d104b9e1260c910efb8f383285dc5-refs/branch-heads/5112@{#1307}) on port 64520
Only local connections are allowed.
Please see https://chromedriver.chromium.org/security-considerations for suggestions on keeping ChromeDriver safe.
ChromeDriver was started successfully.
Aug 13, 2022 2:55:27 PM org.openqa.selenium.remote.ProtocolHandshake createSession
INFO: Detected upstream dialect: W3C
Aug 13, 2022 2:55:27 PM org.openqa.selenium.devtools.CdpVersionFinder findNearestMatch
WARNING: Unable to find an exact match for CDP version 104, so returning the closest version found: 103
Aug 13, 2022 2:55:27 PM org.openqa.selenium.devtools.CdpVersionFinder findNearestMatch
INFO: Found CDP implementation for version 104 of 103
]]></system-err>
  </testcase>
  <testcase name="runScenario[&quot;user could create successful order&quot;, &quot;F12_SuccessfulOrder - user could create successful order&quot;](12)" classname="org.example.testRunner.runners" time="23.772">
    <system-err><![CDATA[Starting ChromeDriver 104.0.5112.79 (3cf3e8c8a07d104b9e1260c910efb8f383285dc5-refs/branch-heads/5112@{#1307}) on port 64025
Only local connections are allowed.
Please see https://chromedriver.chromium.org/security-considerations for suggestions on keeping ChromeDriver safe.
ChromeDriver was started successfully.
Aug 13, 2022 2:55:52 PM org.openqa.selenium.remote.ProtocolHandshake createSession
INFO: Detected upstream dialect: W3C
Aug 13, 2022 2:55:52 PM org.openqa.selenium.devtools.CdpVersionFinder findNearestMatch
WARNING: Unable to find an exact match for CDP version 104, so returning the closest version found: 103
Aug 13, 2022 2:55:52 PM org.openqa.selenium.devtools.CdpVersionFinder findNearestMatch
INFO: Found CDP implementation for version 104 of 103
]]></system-err>
  </testcase>
</testsuite>